[1013/104129.943:ERROR:command_buffer_proxy_impl.cc(129)] ContextResult::kTransientFailure: Failed to send GpuControl.CreateCommandBuffer.
[1013/104134.902:ERROR:session_storage_metadata.cc(203)] Invalid StorageKey https://8856556.fls.doubleclick.net/^0https://wyndhamdestinations.com
[1013/104135.125:INFO:CONSOLE(129)] "[object Object]", source: https://clubwyndham.wyndhamdestinations.com/us/en/down-for-maintenance (129)
[1013/104135.149:INFO:CONSOLE(221)] "Error parsing a meta element's content: ';' is not a valid key-value pair separator. Please use ',' instead.", source: https://clubwyndham.wyndhamdestinations.com/us/en/down-for-maintenance (221)
[1013/104136.100:INFO:CONSOLE(29)] "Listener added for a synchronous 'DOMNodeInserted' DOM Mutation Event. This event type is deprecated (https://w3c.github.io/uievents/#legacy-event-types) and work is underway to remove it from this browser. Usage of this event listener will cause performance issues today, and represents a risk of future incompatibility. Consider using MutationObserver instead.", source: https://cdn.appdynamics.com/adrum/adrum-20.4.0.3090.js (29)
[1013/104136.102:INFO:CONSOLE(29)] "Listener added for a synchronous 'DOMNodeInserted' DOM Mutation Event. This event type is deprecated (https://w3c.github.io/uievents/#legacy-event-types) and work is underway to remove it from this browser. Usage of this event listener will cause performance issues today, and represents a risk of future incompatibility. Consider using MutationObserver instead.", source: https://cdn.appdynamics.com/adrum/adrum-20.4.0.3090.js (29)
[1013/104136.102:INFO:CONSOLE(29)] "Listener added for a synchronous 'DOMNodeInserted' DOM Mutation Event. This event type is deprecated (https://w3c.github.io/uievents/#legacy-event-types) and work is underway to remove it from this browser. Usage of this event listener will cause performance issues today, and represents a risk of future incompatibility. Consider using MutationObserver instead.", source: https://cdn.appdynamics.com/adrum/adrum-20.4.0.3090.js (29)
[1013/104136.106:INFO:CONSOLE(29)] "Listener added for a synchronous 'DOMNodeInserted' DOM Mutation Event. This event type is deprecated (https://w3c.github.io/uievents/#legacy-event-types) and work is underway to remove it from this browser. Usage of this event listener will cause performance issues today, and represents a risk of future incompatibility. Consider using MutationObserver instead.", source: https://cdn.appdynamics.com/adrum/adrum-20.4.0.3090.js (29)
[1013/104136.108:INFO:CONSOLE(29)] "Listener added for a synchronous 'DOMNodeInserted' DOM Mutation Event. This event type is deprecated (https://w3c.github.io/uievents/#legacy-event-types) and work is underway to remove it from this browser. Usage of this event listener will cause performance issues today, and represents a risk of future incompatibility. Consider using MutationObserver instead.", source: https://cdn.appdynamics.com/adrum/adrum-20.4.0.3090.js (29)
[1013/104137.745:ERROR:cert_issuer_source_aia.cc(36)] Error parsing cert retrieved from AIA (as DER):
ERROR: Couldn't read tbsCertificate as SEQUENCE
ERROR: Failed parsing Certificate

[1013/104137.975:ERROR:cert_issuer_source_aia.cc(36)] Error parsing cert retrieved from AIA (as DER):
ERROR: Couldn't read tbsCertificate as SEQUENCE
ERROR: Failed parsing Certificate

[1013/104141.961:INFO:CONSOLE(5858)] "this file was compiled on: 5-6-2023 at 15:38", source: https://clubwyndham.wyndhamdestinations.com/etc.clientlibs/owner-app/clientlibs/clientlib-base.js (5858)
[1013/104141.961:INFO:CONSOLE(5858)] "this file was compiled on: 21-8-2023 at 18:44", source: https://clubwyndham.wyndhamdestinations.com/etc.clientlibs/owner-app/clientlibs/clientlib-base.js (5858)
[1013/104142.208:ERROR:cert_issuer_source_aia.cc(36)] Error parsing cert retrieved from AIA (as DER):
ERROR: Couldn't read tbsCertificate as SEQUENCE
ERROR: Failed parsing Certificate

[1013/104220.924:ERROR:cache_util_win.cc(20)] Unable to move the cache: Access is denied. (0x5)
[1013/104220.925:ERROR:disk_cache.cc(205)] Unable to create cache
[1013/104221.513:INFO:CONSOLE(221)] "Error parsing a meta element's content: ';' is not a valid key-value pair separator. Please use ',' instead.", source: https://clubwyndham.wyndhamdestinations.com/us/en/down-for-maintenance (221)
[1013/104227.435:INFO:CONSOLE(129)] "[object Object]", source: https://clubwyndham.wyndhamdestinations.com/us/en/down-for-maintenance (129)
[1013/104228.351:INFO:CONSOLE(29)] "Listener added for a synchronous 'DOMNodeInserted' DOM Mutation Event. This event type is deprecated (https://w3c.github.io/uievents/#legacy-event-types) and work is underway to remove it from this browser. Usage of this event listener will cause performance issues today, and represents a risk of future incompatibility. Consider using MutationObserver instead.", source: https://cdn.appdynamics.com/adrum/adrum-20.4.0.3090.js (29)
[1013/104228.352:INFO:CONSOLE(29)] "Listener added for a synchronous 'DOMNodeInserted' DOM Mutation Event. This event type is deprecated (https://w3c.github.io/uievents/#legacy-event-types) and work is underway to remove it from this browser. Usage of this event listener will cause performance issues today, and represents a risk of future incompatibility. Consider using MutationObserver instead.", source: https://cdn.appdynamics.com/adrum/adrum-20.4.0.3090.js (29)
[1013/104228.353:INFO:CONSOLE(29)] "Listener added for a synchronous 'DOMNodeInserted' DOM Mutation Event. This event type is deprecated (https://w3c.github.io/uievents/#legacy-event-types) and work is underway to remove it from this browser. Usage of this event listener will cause performance issues today, and represents a risk of future incompatibility. Consider using MutationObserver instead.", source: https://cdn.appdynamics.com/adrum/adrum-20.4.0.3090.js (29)
[1013/104228.358:INFO:CONSOLE(29)] "Listener added for a synchronous 'DOMNodeInserted' DOM Mutation Event. This event type is deprecated (https://w3c.github.io/uievents/#legacy-event-types) and work is underway to remove it from this browser. Usage of this event listener will cause performance issues today, and represents a risk of future incompatibility. Consider using MutationObserver instead.", source: https://cdn.appdynamics.com/adrum/adrum-20.4.0.3090.js (29)
[1013/104228.359:INFO:CONSOLE(29)] "Listener added for a synchronous 'DOMNodeInserted' DOM Mutation Event. This event type is deprecated (https://w3c.github.io/uievents/#legacy-event-types) and work is underway to remove it from this browser. Usage of this event listener will cause performance issues today, and represents a risk of future incompatibility. Consider using MutationObserver instead.", source: https://cdn.appdynamics.com/adrum/adrum-20.4.0.3090.js (29)
